<?xml version="1.0" encoding="UTF-8"?>
<!-- Generated by org.testng.reporters.JUnitXMLReporter -->
<testsuite ignored="0" hostname="DESKTOP-H5TQTBC" failures="0" tests="5" name="Location CRUD" time="12.34" errors="0" timestamp="2021-11-03T00:44:51 IST">
  <testcase classname="com.rest.TestingDemo.Location_Add_Update_Get_Delete" name="addPlace" time="2.329"/>
  <testcase classname="com.rest.TestingDemo.Location_Add_Update_Get_Delete" name="updatePlace" time="2.735"/>
  <testcase classname="com.rest.TestingDemo.Location_Add_Update_Get_Delete" name="getPlaceWithUpdatedAddress" time="2.139"/>
  <testcase classname="com.rest.TestingDemo.Location_Add_Update_Get_Delete" name="deletePlace" time="2.756"/>
  <testcase classname="com.rest.TestingDemo.Location_Add_Update_Get_Delete" name="getPlaceAFterDeleting" time="2.328"/>
</testsuite> <!-- Location CRUD -->
